# JRE version: Java(TM) SE Runtime Environment (8.0_92-b14) (build 1.8.0_92-b14)
# Java VM: Java HotSpot(TM) 64-Bit Server VM (25.92-b14 mixed mode windows-amd64 compressed oops)
Heap:
 PSYoungGen      total 147456K, used 137094K [0x00000000eab00000, 0x00000000f6580000, 0x0000000100000000)
  eden space 129024K, 99% used [0x00000000eab00000,0x00000000f2876308,0x00000000f2900000)
  from space 18432K, 46% used [0x00000000f2900000,0x00000000f316b598,0x00000000f3b00000)
  to   space 26624K, 0% used [0x00000000f4b80000,0x00000000f4b80000,0x00000000f6580000)
 ParOldGen       total 75776K, used 43592K [0x00000000c0000000, 0x00000000c4a00000, 0x00000000eab00000)
  object space 75776K, 57% used [0x00000000c0000000,0x00000000c2a920f0,0x00000000c4a00000)
 Metaspace       used 6590K, capacity 7256K, committed 7424K, reserved 1056768K
  class space    used 629K, capacity 656K, committed 768K, reserved 1048576K
GC Heap History (10 events):
Event: 10.629 GC heap before
{Heap before GC invocations=7 (full 0):
 PSYoungGen      total 75264K, used 74639K [0x00000000eab00000, 0x00000000f0000000, 0x0000000100000000)
  eden space 68096K, 100% used [0x00000000eab00000,0x00000000eed80000,0x00000000eed80000)
  from space 7168K, 91% used [0x00000000ef600000,0x00000000efc63df8,0x00000000efd00000)
  to   space 8704K, 0% used [0x00000000eed80000,0x00000000eed80000,0x00000000ef600000)
 ParOldGen       total 22016K, used 12249K [0x00000000c0000000, 0x00000000c1580000, 0x00000000eab00000)
  object space 22016K, 55% used [0x00000000c0000000,0x00000000c0bf65a8,0x00000000c1580000)
 Metaspace       used 6446K, capacity 7158K, committed 7296K, reserved 1056768K
  class space    used 610K, capacity 622K, committed 640K, reserved 1048576K
Event: 10.735 GC heap after
Heap after GC invocations=7 (full 0):
 PSYoungGen      total 76800K, used 8703K [0x00000000eab00000, 0x00000000f4d00000, 0x0000000100000000)
  eden space 68096K, 0% used [0x00000000eab00000,0x00000000eab00000,0x00000000eed80000)
  from space 8704K, 99% used [0x00000000eed80000,0x00000000ef5fffd8,0x00000000ef600000)
  to   space 14848K, 0% used [0x00000000f3e80000,0x00000000f3e80000,0x00000000f4d00000)
 ParOldGen       total 22016K, used 21065K [0x00000000c0000000, 0x00000000c1580000, 0x00000000eab00000)
  object space 22016K, 95% used [0x00000000c0000000,0x00000000c14924c0,0x00000000c1580000)
 Metaspace       used 6446K, capacity 7158K, committed 7296K, reserved 1056768K
  class space    used 610K, capacity 622K, committed 640K, reserved 1048576K
}
Event: 10.735 GC heap before
{Heap before GC invocations=8 (full 1):
 PSYoungGen      total 76800K, used 8703K [0x00000000eab00000, 0x00000000f4d00000, 0x0000000100000000)
  eden space 68096K, 0% used [0x00000000eab00000,0x00000000eab00000,0x00000000eed80000)
  from space 8704K, 99% used [0x00000000eed80000,0x00000000ef5fffd8,0x00000000ef600000)
  to   space 14848K, 0% used [0x00000000f3e80000,0x00000000f3e80000,0x00000000f4d00000)
 ParOldGen       total 22016K, used 21065K [0x00000000c0000000, 0x00000000c1580000, 0x00000000eab00000)
  object space 22016K, 95% used [0x00000000c0000000,0x00000000c14924c0,0x00000000c1580000)
 Metaspace       used 6446K, capacity 7158K, committed 7296K, reserved 1056768K
  class space    used 610K, capacity 622K, committed 640K, reserved 1048576K
Event: 11.573 GC heap after
Heap after GC invocations=8 (full 1):
 PSYoungGen      total 76800K, used 6118K [0x00000000eab00000, 0x00000000f4d00000, 0x0000000100000000)
  eden space 68096K, 0% used [0x00000000eab00000,0x00000000eab00000,0x00000000eed80000)
  from space 8704K, 70% used [0x00000000eed80000,0x00000000ef379ba0,0x00000000ef600000)
  to   space 14848K, 0% used [0x00000000f3e80000,0x00000000f3e80000,0x00000000f4d00000)
 ParOldGen       total 44032K, used 21947K [0x00000000c0000000, 0x00000000c2b00000, 0x00000000eab00000)
  object space 44032K, 49% used [0x00000000c0000000,0x00000000c156ed58,0x00000000c2b00000)
 Metaspace       used 6446K, capacity 7158K, committed 7296K, reserved 1056768K
  class space    used 610K, capacity 622K, committed 640K, reserved 1048576K
}
Event: 13.352 GC heap before
{Heap before GC invocations=9 (full 1):
 PSYoungGen      total 76800K, used 74214K [0x00000000eab00000, 0x00000000f4d00000, 0x0000000100000000)
  eden space 68096K, 100% used [0x00000000eab00000,0x00000000eed80000,0x00000000eed80000)
  from space 8704K, 70% used [0x00000000eed80000,0x00000000ef379ba0,0x00000000ef600000)
  to   space 14848K, 0% used [0x00000000f3e80000,0x00000000f3e80000,0x00000000f4d00000)
 ParOldGen       total 44032K, used 21947K [0x00000000c0000000, 0x00000000c2b00000, 0x00000000eab00000)
  object space 44032K, 49% used [0x00000000c0000000,0x00000000c156ed58,0x00000000c2b00000)
 Metaspace       used 6476K, capacity 7222K, committed 7296K, reserved 1056768K
  class space    used 610K, capacity 622K, committed 640K, reserved 1048576K
Event: 13.442 GC heap after
Heap after GC invocations=9 (full 1):
 PSYoungGen      total 114688K, used 14837K [0x00000000eab00000, 0x00000000f4d00000, 0x0000000100000000)
  eden space 99840K, 0% used [0x00000000eab00000,0x00000000eab00000,0x00000000f0c80000)
  from space 14848K, 99% used [0x00000000f3e80000,0x00000000f4cfd400,0x00000000f4d00000)
  to   space 18432K, 0% used [0x00000000f2900000,0x00000000f2900000,0x00000000f3b00000)
 ParOldGen       total 44032K, used 24119K [0x00000000c0000000, 0x00000000c2b00000, 0x00000000eab00000)
  object space 44032K, 54% used [0x00000000c0000000,0x00000000c178dee8,0x00000000c2b00000)
 Metaspace       used 6476K, capacity 7222K, committed 7296K, reserved 1056768K
  class space    used 610K, capacity 622K, committed 640K, reserved 1048576K
}
Event: 15.382 GC heap before
{Heap before GC invocations=10 (full 1):
 PSYoungGen      total 114688K, used 114677K [0x00000000eab00000, 0x00000000f4d00000, 0x0000000100000000)
  eden space 99840K, 100% used [0x00000000eab00000,0x00000000f0c80000,0x00000000f0c80000)
  from space 14848K, 99% used [0x00000000f3e80000,0x00000000f4cfd400,0x00000000f4d00000)
  to   space 18432K, 0% used [0x00000000f2900000,0x00000000f2900000,0x00000000f3b00000)
 ParOldGen       total 44032K, used 24119K [0x00000000c0000000, 0x00000000c2b00000, 0x00000000eab00000)
  object space 44032K, 54% used [0x00000000c0000000,0x00000000c178dee8,0x00000000c2b00000)
 Metaspace       used 6574K, capacity 7256K, committed 7424K, reserved 1056768K
  class space    used 629K, capacity 656K, committed 768K, reserved 1048576K
Event: 16.240 GC heap after
Heap after GC invocations=10 (full 1):
 PSYoungGen      total 147456K, used 18411K [0x00000000eab00000, 0x00000000f6580000, 0x0000000100000000)
  eden space 129024K, 0% used [0x00000000eab00000,0x00000000eab00000,0x00000000f2900000)
  from space 18432K, 99% used [0x00000000f2900000,0x00000000f3afacc0,0x00000000f3b00000)
  to   space 26624K, 0% used [0x00000000f4b80000,0x00000000f4b80000,0x00000000f6580000)
 ParOldGen       total 44032K, used 36274K [0x00000000c0000000, 0x00000000c2b00000, 0x00000000eab00000)
  object space 44032K, 82% used [0x00000000c0000000,0x00000000c236c8f0,0x00000000c2b00000)
 Metaspace       used 6574K, capacity 7256K, committed 7424K, reserved 1056768K
  class space    used 629K, capacity 656K, committed 768K, reserved 1048576K
}
Event: 16.241 GC heap before
{Heap before GC invocations=11 (full 2):
 PSYoungGen      total 147456K, used 18411K [0x00000000eab00000, 0x00000000f6580000, 0x0000000100000000)
  eden space 129024K, 0% used [0x00000000eab00000,0x00000000eab00000,0x00000000f2900000)
  from space 18432K, 99% used [0x00000000f2900000,0x00000000f3afacc0,0x00000000f3b00000)
  to   space 26624K, 0% used [0x00000000f4b80000,0x00000000f4b80000,0x00000000f6580000)
 ParOldGen       total 44032K, used 36274K [0x00000000c0000000, 0x00000000c2b00000, 0x00000000eab00000)
  object space 44032K, 82% used [0x00000000c0000000,0x00000000c236c8f0,0x00000000c2b00000)
 Metaspace       used 6574K, capacity 7256K, committed 7424K, reserved 1056768K
  class space    used 629K, capacity 656K, committed 768K, reserved 1048576K
Event: 17.510 GC heap after
Heap after GC invocations=11 (full 2):
 PSYoungGen      total 147456K, used 8621K [0x00000000eab00000, 0x00000000f6580000, 0x0000000100000000)
  eden space 129024K, 0% used [0x00000000eab00000,0x00000000eab00000,0x00000000f2900000)
  from space 18432K, 46% used [0x00000000f2900000,0x00000000f316b598,0x00000000f3b00000)
  to   space 26624K, 0% used [0x00000000f4b80000,0x00000000f4b80000,0x00000000f6580000)
 ParOldGen       total 75776K, used 43592K [0x00000000c0000000, 0x00000000c4a00000, 0x00000000eab00000)
  object space 75776K, 57% used [0x00000000c0000000,0x00000000c2a920f0,0x00000000c4a00000)
 Metaspace       used 6574K, capacity 7256K, committed 7424K, reserved 1056768K
  class space    used 629K, capacity 656K, committed 768K, reserved 1048576K
}

